<?xml version="1.0" encoding="UTF-8"?>
<testng-results ignored="0" total="1" passed="0" failed="1" skipped="0">
  <reporter-output>
  </reporter-output>
  <suite started-at="2022-09-08T23:26:18 SGT" name="Default suite" finished-at="2022-09-08T23:26:31 SGT" duration-ms="12315">
    <groups>
      <group name="cucumber">
        <method signature="AbstractTestNGCucumberTests.runScenario(io.cucumber.testng.PickleWrapper,io.cucumber.testng.FeatureWrapper)[pri:0, instance:runner.CucumberTestNGRunner@7bd7d6d6]" name="runScenario" class="io.cucumber.testng.AbstractTestNGCucumberTests"/>
      </group> <!-- cucumber -->
    </groups>
    <test started-at="2022-09-08T23:26:18 SGT" name="Default test" finished-at="2022-09-08T23:26:31 SGT" duration-ms="12315">
      <class name="runner.CucumberTestNGRunner">
        <test-method is-config="true" signature="setUpClass(org.testng.ITestContext)[pri:0, instance:runner.CucumberTestNGRunner@7bd7d6d6]" started-at="2022-09-08T23:26:18 SGT" name="setUpClass" finished-at="2022-09-08T23:26:19 SGT" duration-ms="758" status="PASS">
          <params>
            <param index="0">
              <value>
                <![CDATA[org.testng.TestRunner@7f1ef916]]>
              </value>
            </param>
          </params>
          <reporter-output>
          </reporter-output>
        </test-method> <!-- setUpClass -->
        <test-method signature="runScenario(io.cucumber.testng.PickleWrapper,io.cucumber.testng.FeatureWrapper)[pri:0, instance:runner.CucumberTestNGRunner@7bd7d6d6]" started-at="2022-09-08T23:26:19 SGT" name="runScenario" description="Runs Cucumber Scenarios" data-provider="scenarios" finished-at="2022-09-08T23:26:31 SGT" duration-ms="11374" status="FAIL">
          <params>
            <param index="0">
              <value>
                <![CDATA["Check if the todo list is empty"]]>
              </value>
            </param>
            <param index="1">
              <value>
                <![CDATA["Create Todos with BDD Cucumber Java"]]>
              </value>
            </param>
          </params>
          <exception class="java.lang.NullPointerException">
            <full-stacktrace>
              <![CDATA[java.lang.NullPointerException
at java.base/java.util.Arrays.stream(Arrays.java:5614)
at java.base/java.util.stream.Stream.of(Stream.java:1188)
at org.openqa.selenium.remote.RemoteWebDriver.executeScript(RemoteWebDriver.java:478)
at stepdefination.VueToDoStep.checkList(VueToDoStep.java:48)
at ✽.user creat new vuetodo list(file:///C:/Users/mahen/Downloads/Singtel/src/test/resources/features/create-todos.feature:6)
]]>
            </full-stacktrace>
          </exception> <!-- java.lang.NullPointerException -->
          <reporter-output>
          </reporter-output>
        </test-method> <!-- runScenario -->
        <test-method is-config="true" signature="tearDownClass()[pri:0, instance:runner.CucumberTestNGRunner@7bd7d6d6]" started-at="2022-09-08T23:26:31 SGT" name="tearDownClass" finished-at="2022-09-08T23:26:31 SGT" duration-ms="16" status="PASS">
          <reporter-output>
          </reporter-output>
        </test-method> <!-- tearDownClass -->
      </class> <!-- runner.CucumberTestNGRunner -->
    </test> <!-- Default test -->
  </suite> <!-- Default suite -->
</testng-results>
