<?xml version="1.0" encoding="UTF-8"?>
<testng-results ignored="0" total="1" passed="1" failed="0" skipped="0">
  <reporter-output>
  </reporter-output>
  <suite started-at="2022-09-09T02:26:32 SGT" name="Suite" finished-at="2022-09-09T02:26:57 SGT" duration-ms="25129">
    <groups>
      <group name="cucumber">
        <method signature="AbstractTestNGCucumberTests.runScenario(io.cucumber.testng.PickleWrapper,io.cucumber.testng.FeatureWrapper)[pri:0, instance:runner.CucumberTestNGRunner@4b45a2f5]" name="runScenario" class="io.cucumber.testng.AbstractTestNGCucumberTests"/>
      </group> <!-- cucumber -->
    </groups>
    <test started-at="2022-09-09T02:26:32 SGT" name="Test" finished-at="2022-09-09T02:26:57 SGT" duration-ms="25129">
      <class name="runner.CucumberTestNGRunner">
        <test-method is-config="true" signature="setUpClass(org.testng.ITestContext)[pri:0, instance:runner.CucumberTestNGRunner@4b45a2f5]" started-at="2022-09-09T02:26:32 SGT" name="setUpClass" finished-at="2022-09-09T02:26:33 SGT" duration-ms="1327" status="PASS">
          <params>
            <param index="0">
              <value>
                <![CDATA[org.testng.TestRunner@715f45c6]]>
              </value>
            </param>
          </params>
          <reporter-output>
          </reporter-output>
        </test-method> <!-- setUpClass -->
        <test-method signature="runScenario(io.cucumber.testng.PickleWrapper,io.cucumber.testng.FeatureWrapper)[pri:0, instance:runner.CucumberTestNGRunner@4b45a2f5]" started-at="2022-09-09T02:26:33 SGT" name="runScenario" description="Runs Cucumber Scenarios" data-provider="scenarios" finished-at="2022-09-09T02:26:54 SGT" duration-ms="20506" status="PASS">
          <params>
            <param index="0">
              <value>
                <![CDATA["User delete task all in todo list together"]]>
              </value>
            </param>
            <param index="1">
              <value>
                <![CDATA["Create Todos with BDD Cucumber Java"]]>
              </value>
            </param>
          </params>
          <reporter-output>
          </reporter-output>
        </test-method> <!-- runScenario -->
        <test-method is-config="true" signature="tearDownClass()[pri:0, instance:runner.CucumberTestNGRunner@4b45a2f5]" started-at="2022-09-09T02:26:54 SGT" name="tearDownClass" finished-at="2022-09-09T02:26:57 SGT" duration-ms="3218" status="PASS">
          <reporter-output>
          </reporter-output>
        </test-method> <!-- tearDownClass -->
      </class> <!-- runner.CucumberTestNGRunner -->
    </test> <!-- Test -->
  </suite> <!-- Suite -->
</testng-results>
