<?xml version="1.0" encoding="UTF-8"?>
<testsuite xmlns:xsi="http://www.w3.org/2001/XMLSchema-instance" xsi:noNamespaceSchemaLocation="https://maven.apache.org/surefire/maven-surefire-plugin/xsd/surefire-test-report-3.0.xsd" version="3.0" name="TestSuite" time="27.738" tests="1" errors="0" skipped="0" failures="0">
  <properties>
[...]
</properties>
  <testcase name="runScenario[&quot;User delete task all in todo list together&quot;, &quot;Create Todos with BDD Cucumber Java&quot;](1)" classname="runner.CucumberTestNGRunner" time="20.475">
    <system-out><![CDATA[User is on Vue.js • TodoMVCtodos
user clicks enter key : Milk
user clicks enter key : Bread
user clicks enter key : Egg
09-09-2022 02:26:51 VueToDoStep.java INFO  [main] stepdefination.VueToDoStep 113 - List : 0 value = Milk
09-09-2022 02:26:51 VueToDoStep.java INFO  [main] stepdefination.VueToDoStep 113 - List : 1 value = Bread
09-09-2022 02:26:51 VueToDoStep.java INFO  [main] stepdefination.VueToDoStep 113 - List : 2 value = Egg
09-09-2022 02:26:51 VueToDoStep.java INFO  [main] stepdefination.VueToDoStep 151 - deleting all todolist task together
]]></system-out>
    <system-err><![CDATA[Starting ChromeDriver 105.0.5195.52 (412c95e518836d8a7d97250d62b29c2ae6a26a85-refs/branch-heads/5195@{#853}) on port 61408
Only local connections are allowed.
Please see https://chromedriver.chromium.org/security-considerations for suggestions on keeping ChromeDriver safe.
ChromeDriver was started successfully.
Sep 09, 2022 2:26:44 AM org.openqa.selenium.remote.ProtocolHandshake createSession
INFO: Detected upstream dialect: W3C
Sep 09, 2022 2:26:44 AM org.openqa.selenium.devtools.CdpVersionFinder findNearestMatch
WARNING: Unable to find an exact match for CDP version 105, so returning the closest version found: 104
Sep 09, 2022 2:26:44 AM org.openqa.selenium.devtools.CdpVersionFinder findNearestMatch
INFO: Found CDP implementation for version 105 of 104
]]></system-err>
  </testcase>
</testsuite>