<?xml version="1.0" encoding="UTF-8"?>
<!-- Generated by org.testng.reporters.JUnitXMLReporter -->
<testsuite ignored="0" hostname="LAPTOP-32EB00DR" failures="1" tests="1" name="Default test" time="12.315" errors="0" timestamp="2022-09-08T23:26:31 SGT">
  <testcase classname="io.cucumber.testng.AbstractTestNGCucumberTests" name="runScenario" time="11.374">
    <failure type="java.lang.NullPointerException">
      <![CDATA[java.lang.NullPointerException
at java.base/java.util.Arrays.stream(Arrays.java:5614)
at java.base/java.util.stream.Stream.of(Stream.java:1188)
at org.openqa.selenium.remote.RemoteWebDriver.executeScript(RemoteWebDriver.java:478)
at stepdefination.VueToDoStep.checkList(VueToDoStep.java:48)
at ✽.user creat new vuetodo list(file:///C:/Users/mahen/Downloads/Singtel/src/test/resources/features/create-todos.feature:6)
]]>
    </failure>
  </testcase> <!-- runScenario -->
</testsuite> <!-- Default test -->
