<?xml version="1.0" encoding="UTF-8"?>
<!-- Generated by org.testng.reporters.JUnitReportReporter -->
<testsuite hostname="LAPTOP-32EB00DR" failures="0" tests="1" name="runner.CucumberTestNGRunner" time="11.374" errors="1" timestamp="2022-09-08T23:26:31 SGT" skipped="0">
  <testcase classname="runner.CucumberTestNGRunner" name="runScenario" time="11.374">
    <error type="java.lang.NullPointerException">
      <![CDATA[java.lang.NullPointerException
at java.base/java.util.Arrays.stream(Arrays.java:5614)
at java.base/java.util.stream.Stream.of(Stream.java:1188)
at org.openqa.selenium.remote.RemoteWebDriver.executeScript(RemoteWebDriver.java:478)
at stepdefination.VueToDoStep.checkList(VueToDoStep.java:48)
at ✽.user creat new vuetodo list(file:///C:/Users/mahen/Downloads/Singtel/src/test/resources/features/create-todos.feature:6)
]]>
    </error>
  </testcase> <!-- runScenario -->
  <system-out/>
</testsuite> <!-- runner.CucumberTestNGRunner -->
